1,1,2,PREPARE
1,1,2,ABORT
1,1,2,FINALIZE
2,2,3,PREPARE
2,2,3,COMMIT
2,2,3,FINALIZE
3,3,4,PREPARE
3,3,4,ABORT
3,3,4,FINALIZE
4,4,5,PREPARE
4,4,5,ABORT
4,4,5,FINALIZE
5,5,6,PREPARE
5,5,6,COMMIT
5,5,6,FINALIZE
6,6,7,PREPARE
6,6,7,COMMIT
6,6,7,FINALIZE
7,7,8,PREPARE
7,7,8,ABORT
7,7,8,FINALIZE
8,8,9,PREPARE
8,8,9,ABORT
8,8,9,FINALIZE
9,4,9,PREPARE
9,4,9,COMMIT
9,4,9,FINALIZE
10,9,10,PREPARE
10,9,10,ABORT
10,9,10,FINALIZE
11,10,11,PREPARE
11,10,11,ABORT
11,10,11,FINALIZE
12,11,12,PREPARE
12,11,12,ABORT
12,11,12,FINALIZE
13,12,13,PREPARE
13,12,13,COMMIT
13,12,13,FINALIZE
14,13,14,PREPARE
14,13,14,ABORT
14,13,14,FINALIZE
15,14,15,PREPARE
15,14,15,COMMIT
15,14,15,FINALIZE
16,15,16,PREPARE
16,15,16,ABORT
16,15,16,FINALIZE
17,16,17,PREPARE
17,16,17,ABORT
17,16,17,FINALIZE
18,17,18,PREPARE
18,17,18,COMMIT
18,17,18,FINALIZE
19,18,19,PREPARE
19,18,19,ABORT
19,18,19,FINALIZE
20,19,20,PREPARE
20,19,20,ABORT
20,19,20,FINALIZE
21,20,21,PREPARE
21,20,21,ABORT
21,20,21,FINALIZE
22,21,22,PREPARE
22,21,22,COMMIT
